<?xml version="1.0" encoding="UTF-8"?>
<!-- Generated by org.testng.reporters.JUnitXMLReporter -->
<testsuite ignored="0" hostname="DESKTOP-IIMFS96" failures="0" tests="2" name="EdgeTest" time="72.415" errors="0" timestamp="2023-04-04T16:38:00 IST">
  <testcase classname="testNgpack.Verifyurlofproductpage" name="@BeforeMethod gotoproductpage" time="34.452">
    <failure type="java.lang.NullPointerException" message="Cannot invoke &amp;quot;ajio.Homepage.MoveOnWomen()&amp;quot; because &amp;quot;this.homepage&amp;quot; is null">
      <![CDATA[java.lang.NullPointerException: Cannot invoke "ajio.Homepage.MoveOnWomen()" because "this.homepage" is null
at testNgpack.Verifyurlofproductpage.gotoproductpage(Verifyurlofproductpage.java:52)
at java.base/java.util.concurrent.ThreadPoolExecutor.runWorker(ThreadPoolExecutor.java:1136)
at java.base/java.util.concurrent.ThreadPoolExecutor$Worker.run(ThreadPoolExecutor.java:635)
at java.base/java.lang.Thread.run(Thread.java:833)
... Removed 16 stack frames]]>
    </failure>
  </testcase> <!-- @BeforeMethod gotoproductpage -->
  <testcase classname="testNgpack.Verifyurlofproductpage" name="@AfterMethod gotomainpage" time="-1.680606451725E9">
    <skipped/>
  </testcase> <!-- @AfterMethod gotomainpage -->
  <testcase classname="testNgpack.Verifyurlofproductpage" name="@AfterClass closebrowse" time="-1.680606451741E9">
    <skipped/>
  </testcase> <!-- @AfterClass closebrowse -->
  <testcase classname="testNgpack.Verifyurlofproductpage" name="Verifycurrenturlofproductpage" time="0.0">
    <skipped/>
  </testcase> <!-- Verifycurrenturlofproductpage -->
  <testcase classname="testNgpack.Verifytitleandurlajio" name="Verifytitleandurl" time="2.22"/>
</testsuite> <!-- EdgeTest -->
