<?xml version="1.0" encoding="UTF-8"?>
<!-- Generated by org.testng.reporters.JUnitXMLReporter -->
<testsuite ignored="0" hostname="DESKTOP-IIMFS96" failures="0" tests="2" name="MsEdgeTest" time="0.094" errors="0" timestamp="2023-03-28T15:58:03 IST">
  <testcase classname="testNgpack.Verifytitleandurlajio" name="@BeforeTest openBrowser" time="0.01">
    <failure type="java.lang.NullPointerException" message="Cannot invoke &amp;quot;org.openqa.selenium.WebDriver.manage()&amp;quot; because &amp;quot;this.driver&amp;quot; is null">
      <![CDATA[java.lang.NullPointerException: Cannot invoke "org.openqa.selenium.WebDriver.manage()" because "this.driver" is null
at testNgpack.Verifytitleandurlajio.openBrowser(Verifytitleandurlajio.java:41)
... Removed 24 stack frames]]>
    </failure>
  </testcase> <!-- @BeforeTest openBrowser -->
  <testcase classname="testNgpack.Verifyurlofproductpage" name="@BeforeTest openBrowser" time="-1.679999283075E9">
    <skipped/>
  </testcase> <!-- @BeforeTest openBrowser -->
  <testcase classname="testNgpack.Verifytitleandurlajio" name="@BeforeClass openBrowser" time="-1.6799992831E9">
    <skipped/>
  </testcase> <!-- @BeforeClass openBrowser -->
  <testcase classname="testNgpack.Verifyurlofproductpage" name="@BeforeClass openBrowser" time="-1.6799992831E9">
    <skipped/>
  </testcase> <!-- @BeforeClass openBrowser -->
  <testcase classname="testNgpack.Verifytitleandurlajio" name="@BeforeMethod gotoproductpage" time="-1.679999283118E9">
    <skipped/>
  </testcase> <!-- @BeforeMethod gotoproductpage -->
  <testcase classname="testNgpack.Verifyurlofproductpage" name="@BeforeMethod gotoproductpage" time="-1.679999283118E9">
    <skipped/>
  </testcase> <!-- @BeforeMethod gotoproductpage -->
  <testcase classname="testNgpack.Verifytitleandurlajio" name="@AfterMethod gotomainpage" time="-1.67999928313E9">
    <skipped/>
  </testcase> <!-- @AfterMethod gotomainpage -->
  <testcase classname="testNgpack.Verifyurlofproductpage" name="@AfterMethod gotomainpage" time="-1.679999283132E9">
    <skipped/>
  </testcase> <!-- @AfterMethod gotomainpage -->
  <testcase classname="testNgpack.Verifytitleandurlajio" name="@AfterClass closebrowse" time="-1.679999283137E9">
    <skipped/>
  </testcase> <!-- @AfterClass closebrowse -->
  <testcase classname="testNgpack.Verifyurlofproductpage" name="@AfterClass closebrowse" time="-1.679999283139E9">
    <skipped/>
  </testcase> <!-- @AfterClass closebrowse -->
  <testcase classname="testNgpack.Verifytitleandurlajio" name="Verifytitleandurl" time="0.0">
    <skipped/>
  </testcase> <!-- Verifytitleandurl -->
  <testcase classname="testNgpack.Verifyurlofproductpage" name="Verifycurrenturlofproductpage" time="0.0">
    <skipped/>
  </testcase> <!-- Verifycurrenturlofproductpage -->
</testsuite> <!-- MsEdgeTest -->
